<?xml version="1.0" encoding="UTF-8"?>
<!-- Generated by org.testng.reporters.JUnitReportReporter -->
<testsuite hostname="SUBIR" name="com.CRM.Scripts.TestBusinessPage" tests="1" failures="0" timestamp="10 Jun 2020 15:42:39 GMT" time="13.264" errors="0">
  <testcase name="BsnsPage" time="13.264" classname="com.CRM.Scripts.TestBusinessPage"/>
</testsuite> <!-- com.CRM.Scripts.TestBusinessPage -->
