<?xml version="1.0" encoding="UTF-8"?>
<!-- Generated by org.testng.reporters.JUnitReportReporter -->
<testsuite hostname="SUBIR" name="com.CRM.SalesManagerScripts.TestBusinessPage" tests="1" failures="0" timestamp="15 Jun 2020 06:12:07 GMT" time="9.480" errors="0">
  <testcase name="BusinessPageTest" time="9.480" classname="com.CRM.SalesManagerScripts.TestBusinessPage"/>
</testsuite> <!-- com.CRM.SalesManagerScripts.TestBusinessPage -->
