<?xml version="1.0" encoding="UTF-8"?>
<!-- Generated by org.testng.reporters.JUnitReportReporter -->
<testsuite hostname="SUBIR" name="com.CRM.Scripts.TestSalesExeLoginPage" tests="1" failures="0" timestamp="10 Jun 2020 08:49:53 GMT" time="4.787" errors="0">
  <testcase name="seLogin" time="4.787" classname="com.CRM.Scripts.TestSalesExeLoginPage"/>
</testsuite> <!-- com.CRM.Scripts.TestSalesExeLoginPage -->
