<?xml version="1.0" encoding="UTF-8"?>
<!-- Generated by org.testng.reporters.JUnitReportReporter -->
<testsuite hostname="SUBIR" name="com.CRM.PMScripts.TestMilstone" tests="1" failures="0" timestamp="16 Jun 2020 10:19:49 GMT" time="9.257" errors="0">
  <testcase name="MilestoneTest" time="9.257" classname="com.CRM.PMScripts.TestMilstone"/>
</testsuite> <!-- com.CRM.PMScripts.TestMilstone -->
