<?xml version="1.0" encoding="UTF-8"?>
<!-- Generated by org.testng.reporters.JUnitReportReporter -->
<testsuite hostname="SUBIR" name="com.CRM.AMScripts.TestFinancePage" tests="1" failures="0" timestamp="15 Jun 2020 10:14:43 GMT" time="7.947" errors="0">
  <testcase name="FinancePageTest" time="7.947" classname="com.CRM.AMScripts.TestFinancePage"/>
</testsuite> <!-- com.CRM.AMScripts.TestFinancePage -->
