<?xml version="1.0" encoding="UTF-8"?>
<!-- Generated by org.testng.reporters.JUnitReportReporter -->
<testsuite hostname="SUBIR" name="com.CRM.OperationManagerScripts.TestCustomerPage" tests="1" failures="0" timestamp="12 Jun 2020 08:02:19 GMT" time="7.844" errors="0">
  <testcase name="CustomerPageTest" time="7.844" classname="com.CRM.OperationManagerScripts.TestCustomerPage"/>
</testsuite> <!-- com.CRM.OperationManagerScripts.TestCustomerPage -->
