<?xml version="1.0" encoding="UTF-8"?>
<!-- Generated by org.testng.reporters.JUnitReportReporter -->
<testsuite hostname="SUBIR" name="com.CRM.SalesHeadScripts.TestLoginPage" tests="1" failures="0" timestamp="11 Jun 2020 09:41:49 GMT" time="5.531" errors="0">
  <testcase name="seLogin" time="5.531" classname="com.CRM.SalesHeadScripts.TestLoginPage"/>
</testsuite> <!-- com.CRM.SalesHeadScripts.TestLoginPage -->
