<?xml version="1.0" encoding="UTF-8"?>
<!-- Generated by org.testng.reporters.JUnitReportReporter -->
<testsuite hostname="SUBIR" name="com.CRM.PMmarketingScripts.TestLoginPage" tests="1" failures="0" timestamp="16 Jun 2020 11:43:31 GMT" time="6.977" errors="0">
  <testcase name="loginPageTest" time="6.977" classname="com.CRM.PMmarketingScripts.TestLoginPage"/>
</testsuite> <!-- com.CRM.PMmarketingScripts.TestLoginPage -->
