<?xml version="1.0" encoding="UTF-8"?>
<!-- Generated by org.testng.reporters.JUnitReportReporter -->
<testsuite hostname="SUBIR" name="com.CRM.SalesHeadScripts.TestTicket" tests="1" failures="0" timestamp="11 Jun 2020 11:07:09 GMT" time="11.481" errors="0">
  <testcase name="shTicket" time="11.481" classname="com.CRM.SalesHeadScripts.TestTicket"/>
</testsuite> <!-- com.CRM.SalesHeadScripts.TestTicket -->
