<?xml version="1.0" encoding="UTF-8"?>
<!-- Generated by org.testng.reporters.JUnitReportReporter -->
<testsuite hostname="SUBIR" name="com.CRM.ADMINscripts.TestPackageManagement" tests="1" failures="0" timestamp="17 Jun 2020 10:33:02 GMT" time="21.001" errors="0">
  <testcase name="PackageManagementTest" time="21.001" classname="com.CRM.ADMINscripts.TestPackageManagement"/>
</testsuite> <!-- com.CRM.ADMINscripts.TestPackageManagement -->
