<?xml version="1.0" encoding="UTF-8"?>
<!-- Generated by org.testng.reporters.JUnitReportReporter -->
<testsuite hostname="SUBIR" name="com.CRM.ADMINscripts.TestUsers" tests="1" failures="0" timestamp="17 Jun 2020 08:05:33 GMT" time="8.357" errors="0">
  <testcase name="UsersTest" time="8.357" classname="com.CRM.ADMINscripts.TestUsers"/>
</testsuite> <!-- com.CRM.ADMINscripts.TestUsers -->
