<?xml version="1.0" encoding="UTF-8"?>
<!-- Generated by org.testng.reporters.JUnitReportReporter -->
<testsuite hostname="SUBIR" name="com.CRM.PMScripts.TestTicketPage" tests="1" failures="0" timestamp="16 Jun 2020 07:16:15 GMT" time="10.680" errors="0">
  <testcase name="TicketPageTest" time="10.680" classname="com.CRM.PMScripts.TestTicketPage"/>
</testsuite> <!-- com.CRM.PMScripts.TestTicketPage -->
