<?xml version="1.0" encoding="UTF-8"?>
<!-- Generated by org.testng.reporters.JUnitReportReporter -->
<testsuite hostname="SUBIR" name="com.CRM.SalesHeadScripts.TestCustomerPage" tests="1" failures="0" timestamp="11 Jun 2020 09:52:44 GMT" time="12.790" errors="0">
  <testcase name="customerclick" time="12.790" classname="com.CRM.SalesHeadScripts.TestCustomerPage"/>
</testsuite> <!-- com.CRM.SalesHeadScripts.TestCustomerPage -->
