<?xml version="1.0" encoding="UTF-8"?>
<!-- Generated by org.testng.reporters.JUnitReportReporter -->
<testsuite hostname="SUBIR" name="com.CRM.PMmarketingScripts.TestUserPage" tests="1" failures="0" timestamp="16 Jun 2020 12:07:36 GMT" time="8.355" errors="0">
  <testcase name="UserPageTest" time="8.355" classname="com.CRM.PMmarketingScripts.TestUserPage"/>
</testsuite> <!-- com.CRM.PMmarketingScripts.TestUserPage -->
