<?xml version="1.0" encoding="UTF-8"?>
<!-- Generated by org.testng.reporters.JUnitReportReporter -->
<testsuite hostname="SUBIR" name="com.CRM.ADMINscripts.TestBusiness" tests="1" failures="0" timestamp="17 Jun 2020 07:56:42 GMT" time="10.344" errors="0">
  <testcase name="BusinessTest" time="10.344" classname="com.CRM.ADMINscripts.TestBusiness"/>
</testsuite> <!-- com.CRM.ADMINscripts.TestBusiness -->
