<?xml version="1.0" encoding="UTF-8"?>
<!-- Generated by org.testng.reporters.JUnitReportReporter -->
<testsuite hostname="SUBIR" name="com.CRM.SEOScripts.TestTask" tests="1" failures="0" timestamp="17 Jun 2020 06:16:36 GMT" time="7.105" errors="0">
  <testcase name="TaskTest" time="7.105" classname="com.CRM.SEOScripts.TestTask"/>
</testsuite> <!-- com.CRM.SEOScripts.TestTask -->
