<?xml version="1.0" encoding="UTF-8"?>
<!-- Generated by org.testng.reporters.JUnitReportReporter -->
<testsuite hostname="SUBIR" name="com.CRM.ADMINscripts.TestCustomer" tests="1" failures="0" timestamp="17 Jun 2020 07:34:49 GMT" time="14.954" errors="0">
  <testcase name="CustomeTest" time="14.954" classname="com.CRM.ADMINscripts.TestCustomer"/>
</testsuite> <!-- com.CRM.ADMINscripts.TestCustomer -->
