<?xml version="1.0" encoding="UTF-8"?>
<!-- Generated by org.testng.reporters.JUnitReportReporter -->
<testsuite hostname="SUBIR" name="com.CRM.SalesHeadScripts.TestBusinessPage" tests="1" failures="0" timestamp="12 Jun 2020 04:30:15 GMT" time="13.103" errors="0">
  <testcase name="businessPage" time="13.103" classname="com.CRM.SalesHeadScripts.TestBusinessPage"/>
</testsuite> <!-- com.CRM.SalesHeadScripts.TestBusinessPage -->
