<?xml version="1.0" encoding="UTF-8"?>
<!-- Generated by org.testng.reporters.JUnitReportReporter -->
<testsuite hostname="SUBIR" name="com.CRM.DEVELOPERscripts.TestTask" tests="1" failures="0" timestamp="16 Jun 2020 11:26:46 GMT" time="15.621" errors="0">
  <testcase name="TaskTest" time="15.621" classname="com.CRM.DEVELOPERscripts.TestTask"/>
</testsuite> <!-- com.CRM.DEVELOPERscripts.TestTask -->
