<?xml version="1.0" encoding="UTF-8"?>
<!-- Generated by org.testng.reporters.JUnitReportReporter -->
<testsuite hostname="SUBIR" name="com.CRM.ADMINscripts.TestMail" tests="1" failures="0" timestamp="17 Jun 2020 11:10:07 GMT" time="20.705" errors="0">
  <testcase name="MailTest" time="20.705" classname="com.CRM.ADMINscripts.TestMail"/>
</testsuite> <!-- com.CRM.ADMINscripts.TestMail -->
