<?xml version="1.0" encoding="UTF-8"?>
<!-- Generated by org.testng.reporters.JUnitReportReporter -->
<testsuite hostname="SUBIR" name="com.CRM.SalesQualityScripts.TestCallDetails" tests="1" failures="0" timestamp="12 Jun 2020 05:53:47 GMT" time="9.171" errors="0">
  <testcase name="callDetailsBack" time="9.171" classname="com.CRM.SalesQualityScripts.TestCallDetails"/>
</testsuite> <!-- com.CRM.SalesQualityScripts.TestCallDetails -->
