<?xml version="1.0" encoding="UTF-8"?>
<!-- Generated by org.testng.reporters.JUnitReportReporter -->
<testsuite hostname="SUBIR" name="com.CRM.PMScripts.TestTask" tests="1" failures="0" timestamp="16 Jun 2020 10:11:03 GMT" time="8.873" errors="0">
  <testcase name="TaskTest" time="8.873" classname="com.CRM.PMScripts.TestTask"/>
</testsuite> <!-- com.CRM.PMScripts.TestTask -->
