<?xml version="1.0" encoding="UTF-8"?>
<!-- Generated by org.testng.reporters.JUnitReportReporter -->
<testsuite hostname="SUBIR" name="com.CRM.SEOScripts.TestLogin" tests="1" failures="0" timestamp="17 Jun 2020 06:07:11 GMT" time="5.357" errors="0">
  <testcase name="LoginTest" time="5.357" classname="com.CRM.SEOScripts.TestLogin"/>
</testsuite> <!-- com.CRM.SEOScripts.TestLogin -->
