<?xml version="1.0" encoding="UTF-8"?>
<!-- Generated by org.testng.reporters.JUnitReportReporter -->
<testsuite hostname="SUBIR" name="com.CRM.SalesHeadScripts.TestCallBackDetails" tests="1" failures="0" timestamp="11 Jun 2020 11:15:23 GMT" time="8.123" errors="0">
  <testcase name="TestCallBack" time="8.123" classname="com.CRM.SalesHeadScripts.TestCallBackDetails"/>
</testsuite> <!-- com.CRM.SalesHeadScripts.TestCallBackDetails -->
