<?xml version="1.0" encoding="UTF-8"?>
<!-- Generated by org.testng.reporters.JUnitReportReporter -->
<testsuite hostname="SUBIR" name="com.CRM.SalesQualityScripts.TestLoginPage" tests="1" failures="0" timestamp="11 Jun 2020 11:29:23 GMT" time="5.545" errors="0">
  <testcase name="LoginPageQuality" time="5.545" classname="com.CRM.SalesQualityScripts.TestLoginPage"/>
</testsuite> <!-- com.CRM.SalesQualityScripts.TestLoginPage -->
