<?xml version="1.0" encoding="UTF-8"?>
<!-- Generated by org.testng.reporters.JUnitReportReporter -->
<testsuite hostname="SUBIR" name="com.CRM.ADMINscripts.TestSettings" tests="1" failures="0" timestamp="17 Jun 2020 09:30:40 GMT" time="10.535" errors="0">
  <testcase name="SettingsTest" time="10.535" classname="com.CRM.ADMINscripts.TestSettings"/>
</testsuite> <!-- com.CRM.ADMINscripts.TestSettings -->
