<?xml version="1.0" encoding="UTF-8"?>
<!-- Generated by org.testng.reporters.JUnitReportReporter -->
<testsuite hostname="SUBIR" name="com.CRM.AMScripts.TestBusinessPage" tests="1" failures="0" timestamp="18 Jun 2020 14:02:49 GMT" time="51.731" errors="0">
  <testcase name="BusinessPageTest" time="51.731" classname="com.CRM.AMScripts.TestBusinessPage"/>
</testsuite> <!-- com.CRM.AMScripts.TestBusinessPage -->
