<?xml version="1.0" encoding="UTF-8"?>
<!-- Generated by org.testng.reporters.JUnitReportReporter -->
<testsuite hostname="SUBIR" name="com.CRM.DESIGNERscripts.TestLogin" tests="1" failures="0" timestamp="17 Jun 2020 05:50:25 GMT" time="5.801" errors="0">
  <testcase name="LoginTest" time="5.801" classname="com.CRM.DESIGNERscripts.TestLogin"/>
</testsuite> <!-- com.CRM.DESIGNERscripts.TestLogin -->
