<?xml version="1.0" encoding="UTF-8"?>
<!-- Generated by org.testng.reporters.JUnitReportReporter -->
<testsuite hostname="SUBIR" name="com.CRM.SalesManagerScripts.TestLoginPage" tests="1" failures="0" timestamp="12 Jun 2020 12:31:58 GMT" time="5.598" errors="0">
  <testcase name="LoginPageTest" time="5.598" classname="com.CRM.SalesManagerScripts.TestLoginPage"/>
</testsuite> <!-- com.CRM.SalesManagerScripts.TestLoginPage -->
