<?xml version="1.0" encoding="UTF-8"?>
<!-- Generated by org.testng.reporters.JUnitReportReporter -->
<testsuite hostname="SUBIR" name="com.CRM.SalesManagerScripts.TestCustomerPage" tests="1" failures="0" timestamp="15 Jun 2020 05:30:09 GMT" time="7.402" errors="0">
  <testcase name="CustomerPageTest" time="7.402" classname="com.CRM.SalesManagerScripts.TestCustomerPage"/>
</testsuite> <!-- com.CRM.SalesManagerScripts.TestCustomerPage -->
