<?xml version="1.0" encoding="UTF-8"?>
<!-- Generated by org.testng.reporters.JUnitReportReporter -->
<testsuite hostname="SUBIR" name="com.CRM.AMScripts.TestLoginPage" tests="1" failures="0" timestamp="18 Jun 2020 16:44:58 GMT" time="47.607" errors="0">
  <testcase name="LoginPageTest" time="47.607" classname="com.CRM.AMScripts.TestLoginPage"/>
</testsuite> <!-- com.CRM.AMScripts.TestLoginPage -->
