<?xml version="1.0" encoding="UTF-8"?>
<!-- Generated by org.testng.reporters.JUnitReportReporter -->
<testsuite hostname="SUBIR" name="com.CRM.SalesHeadScripts.TestAssignedcustomerPage" tests="1" failures="0" timestamp="11 Jun 2020 10:24:49 GMT" time="10.097" errors="0">
  <testcase name="assigned" time="10.097" classname="com.CRM.SalesHeadScripts.TestAssignedcustomerPage"/>
</testsuite> <!-- com.CRM.SalesHeadScripts.TestAssignedcustomerPage -->
