<?xml version="1.0" encoding="UTF-8"?>
<!-- Generated by org.testng.reporters.JUnitReportReporter -->
<testsuite hostname="SUBIR" name="com.CRM.DESIGNERscripts.TestTicket" tests="1" failures="0" timestamp="17 Jun 2020 06:01:16 GMT" time="11.066" errors="0">
  <testcase name="TicketTest" time="11.066" classname="com.CRM.DESIGNERscripts.TestTicket"/>
</testsuite> <!-- com.CRM.DESIGNERscripts.TestTicket -->
