<?xml version="1.0" encoding="UTF-8"?>
<!-- Generated by org.testng.reporters.JUnitReportReporter -->
<testsuite hostname="SUBIR" name="com.CRM.ADMINscripts.TestLogin" tests="1" failures="0" timestamp="17 Jun 2020 06:25:57 GMT" time="4.916" errors="0">
  <testcase name="LoginTest" time="4.916" classname="com.CRM.ADMINscripts.TestLogin"/>
</testsuite> <!-- com.CRM.ADMINscripts.TestLogin -->
