<?xml version="1.0" encoding="UTF-8"?>
<!-- Generated by org.testng.reporters.JUnitReportReporter -->
<testsuite hostname="SUBIR" name="com.CRM.OperationManagerScripts.TestLoginPage" tests="1" failures="0" timestamp="12 Jun 2020 06:23:25 GMT" time="20.629" errors="0">
  <testcase name="LoginPageTest" time="20.629" classname="com.CRM.OperationManagerScripts.TestLoginPage"/>
</testsuite> <!-- com.CRM.OperationManagerScripts.TestLoginPage -->
