<?xml version="1.0" encoding="UTF-8"?>
<!-- Generated by org.testng.reporters.JUnitReportReporter -->
<testsuite hostname="SUBIR" name="com.CRM.PMScripts.TestBusinessPage" tests="1" failures="0" timestamp="16 Jun 2020 06:40:36 GMT" time="15.322" errors="0">
  <testcase name="BusinessPageTest" time="15.322" classname="com.CRM.PMScripts.TestBusinessPage"/>
</testsuite> <!-- com.CRM.PMScripts.TestBusinessPage -->
