<?xml version="1.0" encoding="UTF-8"?>
<!-- Generated by org.testng.reporters.JUnitReportReporter -->
<testsuite hostname="SUBIR" name="com.CRM.OperationManagerScripts.TestTicketPage" tests="1" failures="0" timestamp="12 Jun 2020 12:14:33 GMT" time="9.563" errors="0">
  <testcase name="TicketPageTest" time="9.563" classname="com.CRM.OperationManagerScripts.TestTicketPage"/>
</testsuite> <!-- com.CRM.OperationManagerScripts.TestTicketPage -->
