<?xml version="1.0" encoding="UTF-8"?>
<!-- Generated by org.testng.reporters.JUnitReportReporter -->
<testsuite hostname="SUBIR" name="com.CRM.SalesExecutiveScripts.TestcustomerPage" tests="1" failures="0" timestamp="17 Jun 2020 14:40:15 GMT" time="14.957" errors="0">
  <testcase name="addcustomer" time="14.957" classname="com.CRM.SalesExecutiveScripts.TestcustomerPage"/>
</testsuite> <!-- com.CRM.SalesExecutiveScripts.TestcustomerPage -->
