<?xml version="1.0" encoding="UTF-8"?>
<!-- Generated by org.testng.reporters.JUnitReportReporter -->
<testsuite hostname="SUBIR" name="com.CRM.SalesManagerScripts.TestTicket" tests="1" failures="0" timestamp="17 Jun 2020 12:43:50 GMT" time="13.124" errors="0">
  <testcase name="TicketTest" time="13.124" classname="com.CRM.SalesManagerScripts.TestTicket"/>
</testsuite> <!-- com.CRM.SalesManagerScripts.TestTicket -->
