<?xml version="1.0" encoding="UTF-8"?>
<!-- Generated by org.testng.reporters.JUnitReportReporter -->
<testsuite hostname="SUBIR" name="com.CRM.SalesQualityScripts.TestTicket" tests="1" failures="0" timestamp="17 Jun 2020 14:54:58 GMT" time="16.278" errors="0">
  <testcase name="TicketTest" time="16.278" classname="com.CRM.SalesQualityScripts.TestTicket"/>
</testsuite> <!-- com.CRM.SalesQualityScripts.TestTicket -->
