<?xml version="1.0" encoding="UTF-8"?>
<!-- Generated by org.testng.reporters.JUnitReportReporter -->
<testsuite hostname="SUBIR" name="com.CRM.DEVELOPERscripts.TestTicketPage" tests="1" failures="0" timestamp="16 Jun 2020 10:40:31 GMT" time="13.467" errors="0">
  <testcase name="TicketPageTest" time="13.467" classname="com.CRM.DEVELOPERscripts.TestTicketPage"/>
</testsuite> <!-- com.CRM.DEVELOPERscripts.TestTicketPage -->
