<?xml version="1.0" encoding="UTF-8"?>
<!-- Generated by org.testng.reporters.JUnitReportReporter -->
<testsuite hostname="SUBIR" name="com.CRM.SalesExecutiveScripts.TestCallDetails" tests="1" failures="0" timestamp="17 Jun 2020 14:43:03 GMT" time="9.157" errors="0">
  <testcase name="CallDetailsTest" time="9.157" classname="com.CRM.SalesExecutiveScripts.TestCallDetails"/>
</testsuite> <!-- com.CRM.SalesExecutiveScripts.TestCallDetails -->
