<?xml version="1.0" encoding="UTF-8"?>
<!-- Generated by org.testng.reporters.JUnitReportReporter -->
<testsuite hostname="SUBIR" name="com.CRM.DEVELOPERscripts.TestLoginPage" tests="1" failures="0" timestamp="16 Jun 2020 10:33:21 GMT" time="5.716" errors="0">
  <testcase name="LoginPageTest" time="5.716" classname="com.CRM.DEVELOPERscripts.TestLoginPage"/>
</testsuite> <!-- com.CRM.DEVELOPERscripts.TestLoginPage -->
