<?xml version="1.0" encoding="UTF-8"?>
<!-- Generated by org.testng.reporters.JUnitReportReporter -->
<testsuite hostname="SUBIR" name="com.CRM.SalesExecutiveScripts.TestBusinessPage" tests="1" failures="0" timestamp="17 Jun 2020 14:42:09 GMT" time="13.045" errors="0">
  <testcase name="BsnsPage" time="13.045" classname="com.CRM.SalesExecutiveScripts.TestBusinessPage"/>
</testsuite> <!-- com.CRM.SalesExecutiveScripts.TestBusinessPage -->
